<?xml version="1.0" encoding="UTF-8"?>
<testsuite xmlns:xsi="http://www.w3.org/2001/XMLSchema-instance" xsi:noNamespaceSchemaLocation="https://maven.apache.org/surefire/maven-surefire-plugin/xsd/surefire-test-report.xsd" name="com.example.productservice.controller.ProductControllerTest" time="7.953" tests="3" errors="0" skipped="0" failures="0">
  <properties>
    <property name="java.specification.version" value="17"/>
    <property name="sun.jnu.encoding" value="UTF-8"/>
    <property name="java.class.path" value="/Users/sanjaysbhandari/PROJECTS/product-service/target/test-classes:/Users/sanjaysbhandari/PROJECTS/product-service/target/classes:/Users/sanjaysbhandari/.m2/repository/org/springframework/boot/spring-boot-starter-web/2.7.14/spring-boot-starter-web-2.7.14.jar:/Users/sanjaysbhandari/.m2/repository/org/springframework/boot/spring-boot-starter/2.7.14/spring-boot-starter-2.7.14.jar:/Users/sanjaysbhandari/.m2/repository/org/springframework/boot/spring-boot/2.7.14/spring-boot-2.7.14.jar:/Users/sanjaysbhandari/.m2/repository/org/springframework/boot/spring-boot-autoconfigure/2.7.14/spring-boot-autoconfigure-2.7.14.jar:/Users/sanjaysbhandari/.m2/repository/org/springframework/boot/spring-boot-starter-logging/2.7.14/spring-boot-starter-logging-2.7.14.jar:/Users/sanjaysbhandari/.m2/repository/ch/qos/logback/logback-classic/1.2.12/logback-classic-1.2.12.jar:/Users/sanjaysbhandari/.m2/repository/ch/qos/logback/logback-core/1.2.12/logback-core-1.2.12.jar:/Users/sanjaysbhandari/.m2/repository/org/apache/logging/log4j/log4j-to-slf4j/2.17.2/log4j-to-slf4j-2.17.2.jar:/Users/sanjaysbhandari/.m2/repository/org/apache/logging/log4j/log4j-api/2.17.2/log4j-api-2.17.2.jar:/Users/sanjaysbhandari/.m2/repository/org/slf4j/jul-to-slf4j/1.7.36/jul-to-slf4j-1.7.36.jar:/Users/sanjaysbhandari/.m2/repository/jakarta/annotation/jakarta.annotation-api/1.3.5/jakarta.annotation-api-1.3.5.jar:/Users/sanjaysbhandari/.m2/repository/org/yaml/snakeyaml/1.30/snakeyaml-1.30.jar:/Users/sanjaysbhandari/.m2/repository/org/springframework/boot/spring-boot-starter-json/2.7.14/spring-boot-starter-json-2.7.14.jar:/Users/sanjaysbhandari/.m2/repository/com/fasterxml/jackson/core/jackson-databind/2.13.5/jackson-databind-2.13.5.jar:/Users/sanjaysbhandari/.m2/repository/com/fasterxml/jackson/core/jackson-annotations/2.13.5/jackson-annotations-2.13.5.jar:/Users/sanjaysbhandari/.m2/repository/com/fasterxml/jackson/datatype/jackson-datatype-jdk8/2.13.5/jackson-datatype-jdk8-2.13.5.jar:/Users/sanjaysbhandari/.m2/repository/com/fasterxml/jackson/datatype/jackson-datatype-jsr310/2.13.5/jackson-datatype-jsr310-2.13.5.jar:/Users/sanjaysbhandari/.m2/repository/com/fasterxml/jackson/module/jackson-module-parameter-names/2.13.5/jackson-module-parameter-names-2.13.5.jar:/Users/sanjaysbhandari/.m2/repository/org/springframework/boot/spring-boot-starter-tomcat/2.7.14/spring-boot-starter-tomcat-2.7.14.jar:/Users/sanjaysbhandari/.m2/repository/org/apache/tomcat/embed/tomcat-embed-core/9.0.78/tomcat-embed-core-9.0.78.jar:/Users/sanjaysbhandari/.m2/repository/org/apache/tomcat/embed/tomcat-embed-websocket/9.0.78/tomcat-embed-websocket-9.0.78.jar:/Users/sanjaysbhandari/.m2/repository/org/springframework/spring-web/5.3.29/spring-web-5.3.29.jar:/Users/sanjaysbhandari/.m2/repository/org/springframework/spring-beans/5.3.29/spring-beans-5.3.29.jar:/Users/sanjaysbhandari/.m2/repository/org/springframework/spring-webmvc/5.3.29/spring-webmvc-5.3.29.jar:/Users/sanjaysbhandari/.m2/repository/org/springframework/spring-aop/5.3.29/spring-aop-5.3.29.jar:/Users/sanjaysbhandari/.m2/repository/org/springframework/spring-context/5.3.29/spring-context-5.3.29.jar:/Users/sanjaysbhandari/.m2/repository/org/springframework/spring-expression/5.3.29/spring-expression-5.3.29.jar:/Users/sanjaysbhandari/.m2/repository/org/springframework/boot/spring-boot-starter-data-jpa/2.7.14/spring-boot-starter-data-jpa-2.7.14.jar:/Users/sanjaysbhandari/.m2/repository/org/springframework/boot/spring-boot-starter-aop/2.7.14/spring-boot-starter-aop-2.7.14.jar:/Users/sanjaysbhandari/.m2/repository/org/aspectj/aspectjweaver/1.9.7/aspectjweaver-1.9.7.jar:/Users/sanjaysbhandari/.m2/repository/org/springframework/boot/spring-boot-starter-jdbc/2.7.14/spring-boot-starter-jdbc-2.7.14.jar:/Users/sanjaysbhandari/.m2/repository/com/zaxxer/HikariCP/4.0.3/HikariCP-4.0.3.jar:/Users/sanjaysbhandari/.m2/repository/org/springframework/spring-jdbc/5.3.29/spring-jdbc-5.3.29.jar:/Users/sanjaysbhandari/.m2/repository/jakarta/transaction/jakarta.transaction-api/1.3.3/jakarta.transaction-api-1.3.3.jar:/Users/sanjaysbhandari/.m2/repository/jakarta/persistence/jakarta.persistence-api/2.2.3/jakarta.persistence-api-2.2.3.jar:/Users/sanjaysbhandari/.m2/repository/org/hibernate/hibernate-core/5.6.15.Final/hibernate-core-5.6.15.Final.jar:/Users/sanjaysbhandari/.m2/repository/org/jboss/logging/jboss-logging/3.4.3.Final/jboss-logging-3.4.3.Final.jar:/Users/sanjaysbhandari/.m2/repository/net/bytebuddy/byte-buddy/1.12.23/byte-buddy-1.12.23.jar:/Users/sanjaysbhandari/.m2/repository/antlr/antlr/2.7.7/antlr-2.7.7.jar:/Users/sanjaysbhandari/.m2/repository/org/jboss/jandex/2.4.2.Final/jandex-2.4.2.Final.jar:/Users/sanjaysbhandari/.m2/repository/com/fasterxml/classmate/1.5.1/classmate-1.5.1.jar:/Users/sanjaysbhandari/.m2/repository/org/hibernate/common/hibernate-commons-annotations/5.1.2.Final/hibernate-commons-annotations-5.1.2.Final.jar:/Users/sanjaysbhandari/.m2/repository/org/glassfish/jaxb/jaxb-runtime/2.3.8/jaxb-runtime-2.3.8.jar:/Users/sanjaysbhandari/.m2/repository/org/glassfish/jaxb/txw2/2.3.8/txw2-2.3.8.jar:/Users/sanjaysbhandari/.m2/repository/com/sun/istack/istack-commons-runtime/3.0.12/istack-commons-runtime-3.0.12.jar:/Users/sanjaysbhandari/.m2/repository/com/sun/activation/jakarta.activation/1.2.2/jakarta.activation-1.2.2.jar:/Users/sanjaysbhandari/.m2/repository/org/springframework/data/spring-data-jpa/2.7.14/spring-data-jpa-2.7.14.jar:/Users/sanjaysbhandari/.m2/repository/org/springframework/data/spring-data-commons/2.7.14/spring-data-commons-2.7.14.jar:/Users/sanjaysbhandari/.m2/repository/org/springframework/spring-orm/5.3.29/spring-orm-5.3.29.jar:/Users/sanjaysbhandari/.m2/repository/org/springframework/spring-tx/5.3.29/spring-tx-5.3.29.jar:/Users/sanjaysbhandari/.m2/repository/org/slf4j/slf4j-api/1.7.36/slf4j-api-1.7.36.jar:/Users/sanjaysbhandari/.m2/repository/org/springframework/spring-aspects/5.3.29/spring-aspects-5.3.29.jar:/Users/sanjaysbhandari/.m2/repository/com/h2database/h2/2.1.214/h2-2.1.214.jar:/Users/sanjaysbhandari/.m2/repository/org/springframework/boot/spring-boot-starter-validation/2.7.14/spring-boot-starter-validation-2.7.14.jar:/Users/sanjaysbhandari/.m2/repository/org/apache/tomcat/embed/tomcat-embed-el/9.0.78/tomcat-embed-el-9.0.78.jar:/Users/sanjaysbhandari/.m2/repository/org/hibernate/validator/hibernate-validator/6.2.5.Final/hibernate-validator-6.2.5.Final.jar:/Users/sanjaysbhandari/.m2/repository/jakarta/validation/jakarta.validation-api/2.0.2/jakarta.validation-api-2.0.2.jar:/Users/sanjaysbhandari/.m2/repository/org/springdoc/springdoc-openapi-ui/1.6.15/springdoc-openapi-ui-1.6.15.jar:/Users/sanjaysbhandari/.m2/repository/org/springdoc/springdoc-openapi-webmvc-core/1.6.15/springdoc-openapi-webmvc-core-1.6.15.jar:/Users/sanjaysbhandari/.m2/repository/org/springdoc/springdoc-openapi-common/1.6.15/springdoc-openapi-common-1.6.15.jar:/Users/sanjaysbhandari/.m2/repository/io/swagger/core/v3/swagger-core/2.2.8/swagger-core-2.2.8.jar:/Users/sanjaysbhandari/.m2/repository/org/apache/commons/commons-lang3/3.12.0/commons-lang3-3.12.0.jar:/Users/sanjaysbhandari/.m2/repository/com/fasterxml/jackson/dataformat/jackson-dataformat-yaml/2.13.5/jackson-dataformat-yaml-2.13.5.jar:/Users/sanjaysbhandari/.m2/repository/io/swagger/core/v3/swagger-annotations/2.2.8/swagger-annotations-2.2.8.jar:/Users/sanjaysbhandari/.m2/repository/io/swagger/core/v3/swagger-models/2.2.8/swagger-models-2.2.8.jar:/Users/sanjaysbhandari/.m2/repository/org/webjars/swagger-ui/4.17.1/swagger-ui-4.17.1.jar:/Users/sanjaysbhandari/.m2/repository/org/webjars/webjars-locator-core/0.50/webjars-locator-core-0.50.jar:/Users/sanjaysbhandari/.m2/repository/com/fasterxml/jackson/core/jackson-core/2.13.5/jackson-core-2.13.5.jar:/Users/sanjaysbhandari/.m2/repository/io/github/classgraph/classgraph/4.8.149/classgraph-4.8.149.jar:/Users/sanjaysbhandari/.m2/repository/org/projectlombok/lombok/1.18.28/lombok-1.18.28.jar:/Users/sanjaysbhandari/.m2/repository/org/springframework/boot/spring-boot-starter-test/2.7.14/spring-boot-starter-test-2.7.14.jar:/Users/sanjaysbhandari/.m2/repository/org/springframework/boot/spring-boot-test/2.7.14/spring-boot-test-2.7.14.jar:/Users/sanjaysbhandari/.m2/repository/org/springframework/boot/spring-boot-test-autoconfigure/2.7.14/spring-boot-test-autoconfigure-2.7.14.jar:/Users/sanjaysbhandari/.m2/repository/com/jayway/jsonpath/json-path/2.7.0/json-path-2.7.0.jar:/Users/sanjaysbhandari/.m2/repository/net/minidev/json-smart/2.4.11/json-smart-2.4.11.jar:/Users/sanjaysbhandari/.m2/repository/net/minidev/accessors-smart/2.4.11/accessors-smart-2.4.11.jar:/Users/sanjaysbhandari/.m2/repository/org/ow2/asm/asm/9.3/asm-9.3.jar:/Users/sanjaysbhandari/.m2/repository/jakarta/xml/bind/jakarta.xml.bind-api/2.3.3/jakarta.xml.bind-api-2.3.3.jar:/Users/sanjaysbhandari/.m2/repository/jakarta/activation/jakarta.activation-api/1.2.2/jakarta.activation-api-1.2.2.jar:/Users/sanjaysbhandari/.m2/repository/org/assertj/assertj-core/3.22.0/assertj-core-3.22.0.jar:/Users/sanjaysbhandari/.m2/repository/org/hamcrest/hamcrest/2.2/hamcrest-2.2.jar:/Users/sanjaysbhandari/.m2/repository/org/junit/jupiter/junit-jupiter/5.8.2/junit-jupiter-5.8.2.jar:/Users/sanjaysbhandari/.m2/repository/org/junit/jupiter/junit-jupiter-api/5.8.2/junit-jupiter-api-5.8.2.jar:/Users/sanjaysbhandari/.m2/repository/org/opentest4j/opentest4j/1.2.0/opentest4j-1.2.0.jar:/Users/sanjaysbhandari/.m2/repository/org/junit/platform/junit-platform-commons/1.8.2/junit-platform-commons-1.8.2.jar:/Users/sanjaysbhandari/.m2/repository/org/apiguardian/apiguardian-api/1.1.2/apiguardian-api-1.1.2.jar:/Users/sanjaysbhandari/.m2/repository/org/junit/jupiter/junit-jupiter-params/5.8.2/junit-jupiter-params-5.8.2.jar:/Users/sanjaysbhandari/.m2/repository/org/junit/jupiter/junit-jupiter-engine/5.8.2/junit-jupiter-engine-5.8.2.jar:/Users/sanjaysbhandari/.m2/repository/org/junit/platform/junit-platform-engine/1.8.2/junit-platform-engine-1.8.2.jar:/Users/sanjaysbhandari/.m2/repository/org/mockito/mockito-core/4.5.1/mockito-core-4.5.1.jar:/Users/sanjaysbhandari/.m2/repository/net/bytebuddy/byte-buddy-agent/1.12.23/byte-buddy-agent-1.12.23.jar:/Users/sanjaysbhandari/.m2/repository/org/objenesis/objenesis/3.2/objenesis-3.2.jar:/Users/sanjaysbhandari/.m2/repository/org/mockito/mockito-junit-jupiter/4.5.1/mockito-junit-jupiter-4.5.1.jar:/Users/sanjaysbhandari/.m2/repository/org/skyscreamer/jsonassert/1.5.1/jsonassert-1.5.1.jar:/Users/sanjaysbhandari/.m2/repository/com/vaadin/external/google/android-json/0.0.20131108.vaadin1/android-json-0.0.20131108.vaadin1.jar:/Users/sanjaysbhandari/.m2/repository/org/springframework/spring-core/5.3.29/spring-core-5.3.29.jar:/Users/sanjaysbhandari/.m2/repository/org/springframework/spring-jcl/5.3.29/spring-jcl-5.3.29.jar:/Users/sanjaysbhandari/.m2/repository/org/springframework/spring-test/5.3.29/spring-test-5.3.29.jar:/Users/sanjaysbhandari/.m2/repository/org/xmlunit/xmlunit-core/2.9.1/xmlunit-core-2.9.1.jar:"/>
    <property name="java.vm.vendor" value="Oracle Corporation"/>
    <property name="sun.arch.data.model" value="64"/>
    <property name="java.vendor.url" value="https://java.oracle.com/"/>
    <property name="os.name" value="Mac OS X"/>
    <property name="java.vm.specification.version" value="17"/>
    <property name="user.country" value="GB"/>
    <property name="sun.java.launcher" value="SUN_STANDARD"/>
    <property name="sun.boot.library.path" value="/Library/Java/JavaVirtualMachines/jdk-17.jdk/Contents/Home/lib"/>
    <property name="sun.java.command" value="/Users/sanjaysbhandari/PROJECTS/product-service/target/surefire/surefirebooter12895520107225383826.jar /Users/sanjaysbhandari/PROJECTS/product-service/target/surefire 2025-05-21T16-14-21_817-jvmRun1 surefire9159647424316983704tmp surefire_08387605739224275730tmp"/>
    <property name="http.nonProxyHosts" value="local|*.local|169.254/16|*.169.254/16"/>
    <property name="jdk.debug" value="release"/>
    <property name="surefire.test.class.path" value="/Users/sanjaysbhandari/PROJECTS/product-service/target/test-classes:/Users/sanjaysbhandari/PROJECTS/product-service/target/classes:/Users/sanjaysbhandari/.m2/repository/org/springframework/boot/spring-boot-starter-web/2.7.14/spring-boot-starter-web-2.7.14.jar:/Users/sanjaysbhandari/.m2/repository/org/springframework/boot/spring-boot-starter/2.7.14/spring-boot-starter-2.7.14.jar:/Users/sanjaysbhandari/.m2/repository/org/springframework/boot/spring-boot/2.7.14/spring-boot-2.7.14.jar:/Users/sanjaysbhandari/.m2/repository/org/springframework/boot/spring-boot-autoconfigure/2.7.14/spring-boot-autoconfigure-2.7.14.jar:/Users/sanjaysbhandari/.m2/repository/org/springframework/boot/spring-boot-starter-logging/2.7.14/spring-boot-starter-logging-2.7.14.jar:/Users/sanjaysbhandari/.m2/repository/ch/qos/logback/logback-classic/1.2.12/logback-classic-1.2.12.jar:/Users/sanjaysbhandari/.m2/repository/ch/qos/logback/logback-core/1.2.12/logback-core-1.2.12.jar:/Users/sanjaysbhandari/.m2/repository/org/apache/logging/log4j/log4j-to-slf4j/2.17.2/log4j-to-slf4j-2.17.2.jar:/Users/sanjaysbhandari/.m2/repository/org/apache/logging/log4j/log4j-api/2.17.2/log4j-api-2.17.2.jar:/Users/sanjaysbhandari/.m2/repository/org/slf4j/jul-to-slf4j/1.7.36/jul-to-slf4j-1.7.36.jar:/Users/sanjaysbhandari/.m2/repository/jakarta/annotation/jakarta.annotation-api/1.3.5/jakarta.annotation-api-1.3.5.jar:/Users/sanjaysbhandari/.m2/repository/org/yaml/snakeyaml/1.30/snakeyaml-1.30.jar:/Users/sanjaysbhandari/.m2/repository/org/springframework/boot/spring-boot-starter-json/2.7.14/spring-boot-starter-json-2.7.14.jar:/Users/sanjaysbhandari/.m2/repository/com/fasterxml/jackson/core/jackson-databind/2.13.5/jackson-databind-2.13.5.jar:/Users/sanjaysbhandari/.m2/repository/com/fasterxml/jackson/core/jackson-annotations/2.13.5/jackson-annotations-2.13.5.jar:/Users/sanjaysbhandari/.m2/repository/com/fasterxml/jackson/datatype/jackson-datatype-jdk8/2.13.5/jackson-datatype-jdk8-2.13.5.jar:/Users/sanjaysbhandari/.m2/repository/com/fasterxml/jackson/datatype/jackson-datatype-jsr310/2.13.5/jackson-datatype-jsr310-2.13.5.jar:/Users/sanjaysbhandari/.m2/repository/com/fasterxml/jackson/module/jackson-module-parameter-names/2.13.5/jackson-module-parameter-names-2.13.5.jar:/Users/sanjaysbhandari/.m2/repository/org/springframework/boot/spring-boot-starter-tomcat/2.7.14/spring-boot-starter-tomcat-2.7.14.jar:/Users/sanjaysbhandari/.m2/repository/org/apache/tomcat/embed/tomcat-embed-core/9.0.78/tomcat-embed-core-9.0.78.jar:/Users/sanjaysbhandari/.m2/repository/org/apache/tomcat/embed/tomcat-embed-websocket/9.0.78/tomcat-embed-websocket-9.0.78.jar:/Users/sanjaysbhandari/.m2/repository/org/springframework/spring-web/5.3.29/spring-web-5.3.29.jar:/Users/sanjaysbhandari/.m2/repository/org/springframework/spring-beans/5.3.29/spring-beans-5.3.29.jar:/Users/sanjaysbhandari/.m2/repository/org/springframework/spring-webmvc/5.3.29/spring-webmvc-5.3.29.jar:/Users/sanjaysbhandari/.m2/repository/org/springframework/spring-aop/5.3.29/spring-aop-5.3.29.jar:/Users/sanjaysbhandari/.m2/repository/org/springframework/spring-context/5.3.29/spring-context-5.3.29.jar:/Users/sanjaysbhandari/.m2/repository/org/springframework/spring-expression/5.3.29/spring-expression-5.3.29.jar:/Users/sanjaysbhandari/.m2/repository/org/springframework/boot/spring-boot-starter-data-jpa/2.7.14/spring-boot-starter-data-jpa-2.7.14.jar:/Users/sanjaysbhandari/.m2/repository/org/springframework/boot/spring-boot-starter-aop/2.7.14/spring-boot-starter-aop-2.7.14.jar:/Users/sanjaysbhandari/.m2/repository/org/aspectj/aspectjweaver/1.9.7/aspectjweaver-1.9.7.jar:/Users/sanjaysbhandari/.m2/repository/org/springframework/boot/spring-boot-starter-jdbc/2.7.14/spring-boot-starter-jdbc-2.7.14.jar:/Users/sanjaysbhandari/.m2/repository/com/zaxxer/HikariCP/4.0.3/HikariCP-4.0.3.jar:/Users/sanjaysbhandari/.m2/repository/org/springframework/spring-jdbc/5.3.29/spring-jdbc-5.3.29.jar:/Users/sanjaysbhandari/.m2/repository/jakarta/transaction/jakarta.transaction-api/1.3.3/jakarta.transaction-api-1.3.3.jar:/Users/sanjaysbhandari/.m2/repository/jakarta/persistence/jakarta.persistence-api/2.2.3/jakarta.persistence-api-2.2.3.jar:/Users/sanjaysbhandari/.m2/repository/org/hibernate/hibernate-core/5.6.15.Final/hibernate-core-5.6.15.Final.jar:/Users/sanjaysbhandari/.m2/repository/org/jboss/logging/jboss-logging/3.4.3.Final/jboss-logging-3.4.3.Final.jar:/Users/sanjaysbhandari/.m2/repository/net/bytebuddy/byte-buddy/1.12.23/byte-buddy-1.12.23.jar:/Users/sanjaysbhandari/.m2/repository/antlr/antlr/2.7.7/antlr-2.7.7.jar:/Users/sanjaysbhandari/.m2/repository/org/jboss/jandex/2.4.2.Final/jandex-2.4.2.Final.jar:/Users/sanjaysbhandari/.m2/repository/com/fasterxml/classmate/1.5.1/classmate-1.5.1.jar:/Users/sanjaysbhandari/.m2/repository/org/hibernate/common/hibernate-commons-annotations/5.1.2.Final/hibernate-commons-annotations-5.1.2.Final.jar:/Users/sanjaysbhandari/.m2/repository/org/glassfish/jaxb/jaxb-runtime/2.3.8/jaxb-runtime-2.3.8.jar:/Users/sanjaysbhandari/.m2/repository/org/glassfish/jaxb/txw2/2.3.8/txw2-2.3.8.jar:/Users/sanjaysbhandari/.m2/repository/com/sun/istack/istack-commons-runtime/3.0.12/istack-commons-runtime-3.0.12.jar:/Users/sanjaysbhandari/.m2/repository/com/sun/activation/jakarta.activation/1.2.2/jakarta.activation-1.2.2.jar:/Users/sanjaysbhandari/.m2/repository/org/springframework/data/spring-data-jpa/2.7.14/spring-data-jpa-2.7.14.jar:/Users/sanjaysbhandari/.m2/repository/org/springframework/data/spring-data-commons/2.7.14/spring-data-commons-2.7.14.jar:/Users/sanjaysbhandari/.m2/repository/org/springframework/spring-orm/5.3.29/spring-orm-5.3.29.jar:/Users/sanjaysbhandari/.m2/repository/org/springframework/spring-tx/5.3.29/spring-tx-5.3.29.jar:/Users/sanjaysbhandari/.m2/repository/org/slf4j/slf4j-api/1.7.36/slf4j-api-1.7.36.jar:/Users/sanjaysbhandari/.m2/repository/org/springframework/spring-aspects/5.3.29/spring-aspects-5.3.29.jar:/Users/sanjaysbhandari/.m2/repository/com/h2database/h2/2.1.214/h2-2.1.214.jar:/Users/sanjaysbhandari/.m2/repository/org/springframework/boot/spring-boot-starter-validation/2.7.14/spring-boot-starter-validation-2.7.14.jar:/Users/sanjaysbhandari/.m2/repository/org/apache/tomcat/embed/tomcat-embed-el/9.0.78/tomcat-embed-el-9.0.78.jar:/Users/sanjaysbhandari/.m2/repository/org/hibernate/validator/hibernate-validator/6.2.5.Final/hibernate-validator-6.2.5.Final.jar:/Users/sanjaysbhandari/.m2/repository/jakarta/validation/jakarta.validation-api/2.0.2/jakarta.validation-api-2.0.2.jar:/Users/sanjaysbhandari/.m2/repository/org/springdoc/springdoc-openapi-ui/1.6.15/springdoc-openapi-ui-1.6.15.jar:/Users/sanjaysbhandari/.m2/repository/org/springdoc/springdoc-openapi-webmvc-core/1.6.15/springdoc-openapi-webmvc-core-1.6.15.jar:/Users/sanjaysbhandari/.m2/repository/org/springdoc/springdoc-openapi-common/1.6.15/springdoc-openapi-common-1.6.15.jar:/Users/sanjaysbhandari/.m2/repository/io/swagger/core/v3/swagger-core/2.2.8/swagger-core-2.2.8.jar:/Users/sanjaysbhandari/.m2/repository/org/apache/commons/commons-lang3/3.12.0/commons-lang3-3.12.0.jar:/Users/sanjaysbhandari/.m2/repository/com/fasterxml/jackson/dataformat/jackson-dataformat-yaml/2.13.5/jackson-dataformat-yaml-2.13.5.jar:/Users/sanjaysbhandari/.m2/repository/io/swagger/core/v3/swagger-annotations/2.2.8/swagger-annotations-2.2.8.jar:/Users/sanjaysbhandari/.m2/repository/io/swagger/core/v3/swagger-models/2.2.8/swagger-models-2.2.8.jar:/Users/sanjaysbhandari/.m2/repository/org/webjars/swagger-ui/4.17.1/swagger-ui-4.17.1.jar:/Users/sanjaysbhandari/.m2/repository/org/webjars/webjars-locator-core/0.50/webjars-locator-core-0.50.jar:/Users/sanjaysbhandari/.m2/repository/com/fasterxml/jackson/core/jackson-core/2.13.5/jackson-core-2.13.5.jar:/Users/sanjaysbhandari/.m2/repository/io/github/classgraph/classgraph/4.8.149/classgraph-4.8.149.jar:/Users/sanjaysbhandari/.m2/repository/org/projectlombok/lombok/1.18.28/lombok-1.18.28.jar:/Users/sanjaysbhandari/.m2/repository/org/springframework/boot/spring-boot-starter-test/2.7.14/spring-boot-starter-test-2.7.14.jar:/Users/sanjaysbhandari/.m2/repository/org/springframework/boot/spring-boot-test/2.7.14/spring-boot-test-2.7.14.jar:/Users/sanjaysbhandari/.m2/repository/org/springframework/boot/spring-boot-test-autoconfigure/2.7.14/spring-boot-test-autoconfigure-2.7.14.jar:/Users/sanjaysbhandari/.m2/repository/com/jayway/jsonpath/json-path/2.7.0/json-path-2.7.0.jar:/Users/sanjaysbhandari/.m2/repository/net/minidev/json-smart/2.4.11/json-smart-2.4.11.jar:/Users/sanjaysbhandari/.m2/repository/net/minidev/accessors-smart/2.4.11/accessors-smart-2.4.11.jar:/Users/sanjaysbhandari/.m2/repository/org/ow2/asm/asm/9.3/asm-9.3.jar:/Users/sanjaysbhandari/.m2/repository/jakarta/xml/bind/jakarta.xml.bind-api/2.3.3/jakarta.xml.bind-api-2.3.3.jar:/Users/sanjaysbhandari/.m2/repository/jakarta/activation/jakarta.activation-api/1.2.2/jakarta.activation-api-1.2.2.jar:/Users/sanjaysbhandari/.m2/repository/org/assertj/assertj-core/3.22.0/assertj-core-3.22.0.jar:/Users/sanjaysbhandari/.m2/repository/org/hamcrest/hamcrest/2.2/hamcrest-2.2.jar:/Users/sanjaysbhandari/.m2/repository/org/junit/jupiter/junit-jupiter/5.8.2/junit-jupiter-5.8.2.jar:/Users/sanjaysbhandari/.m2/repository/org/junit/jupiter/junit-jupiter-api/5.8.2/junit-jupiter-api-5.8.2.jar:/Users/sanjaysbhandari/.m2/repository/org/opentest4j/opentest4j/1.2.0/opentest4j-1.2.0.jar:/Users/sanjaysbhandari/.m2/repository/org/junit/platform/junit-platform-commons/1.8.2/junit-platform-commons-1.8.2.jar:/Users/sanjaysbhandari/.m2/repository/org/apiguardian/apiguardian-api/1.1.2/apiguardian-api-1.1.2.jar:/Users/sanjaysbhandari/.m2/repository/org/junit/jupiter/junit-jupiter-params/5.8.2/junit-jupiter-params-5.8.2.jar:/Users/sanjaysbhandari/.m2/repository/org/junit/jupiter/junit-jupiter-engine/5.8.2/junit-jupiter-engine-5.8.2.jar:/Users/sanjaysbhandari/.m2/repository/org/junit/platform/junit-platform-engine/1.8.2/junit-platform-engine-1.8.2.jar:/Users/sanjaysbhandari/.m2/repository/org/mockito/mockito-core/4.5.1/mockito-core-4.5.1.jar:/Users/sanjaysbhandari/.m2/repository/net/bytebuddy/byte-buddy-agent/1.12.23/byte-buddy-agent-1.12.23.jar:/Users/sanjaysbhandari/.m2/repository/org/objenesis/objenesis/3.2/objenesis-3.2.jar:/Users/sanjaysbhandari/.m2/repository/org/mockito/mockito-junit-jupiter/4.5.1/mockito-junit-jupiter-4.5.1.jar:/Users/sanjaysbhandari/.m2/repository/org/skyscreamer/jsonassert/1.5.1/jsonassert-1.5.1.jar:/Users/sanjaysbhandari/.m2/repository/com/vaadin/external/google/android-json/0.0.20131108.vaadin1/android-json-0.0.20131108.vaadin1.jar:/Users/sanjaysbhandari/.m2/repository/org/springframework/spring-core/5.3.29/spring-core-5.3.29.jar:/Users/sanjaysbhandari/.m2/repository/org/springframework/spring-jcl/5.3.29/spring-jcl-5.3.29.jar:/Users/sanjaysbhandari/.m2/repository/org/springframework/spring-test/5.3.29/spring-test-5.3.29.jar:/Users/sanjaysbhandari/.m2/repository/org/xmlunit/xmlunit-core/2.9.1/xmlunit-core-2.9.1.jar:"/>
    <property name="sun.cpu.endian" value="little"/>
    <property name="user.home" value="/Users/sanjaysbhandari"/>
    <property name="user.language" value="en"/>
    <property name="java.specification.vendor" value="Oracle Corporation"/>
    <property name="java.version.date" value="2024-07-16"/>
    <property name="java.home" value="/Library/Java/JavaVirtualMachines/jdk-17.jdk/Contents/Home"/>
    <property name="file.separator" value="/"/>
    <property name="basedir" value="/Users/sanjaysbhandari/PROJECTS/product-service"/>
    <property name="java.vm.compressedOopsMode" value="Zero based"/>
    <property name="line.separator" value="&#10;"/>
    <property name="java.specification.name" value="Java Platform API Specification"/>
    <property name="java.vm.specification.vendor" value="Oracle Corporation"/>
    <property name="surefire.real.class.path" value="/Users/sanjaysbhandari/PROJECTS/product-service/target/surefire/surefirebooter12895520107225383826.jar"/>
    <property name="sun.management.compiler" value="HotSpot 64-Bit Tiered Compilers"/>
    <property name="ftp.nonProxyHosts" value="local|*.local|169.254/16|*.169.254/16"/>
    <property name="java.runtime.version" value="17.0.12+8-LTS-286"/>
    <property name="user.name" value="sanjaysbhandari"/>
    <property name="path.separator" value=":"/>
    <property name="os.version" value="15.5"/>
    <property name="java.runtime.name" value="Java(TM) SE Runtime Environment"/>
    <property name="file.encoding" value="UTF-8"/>
    <property name="java.vm.name" value="Java HotSpot(TM) 64-Bit Server VM"/>
    <property name="maven.ext.class.path" value="/Applications/Apache NetBeans.app/Contents/Resources/netbeans/java/maven-nblib/netbeans-eventspy.jar"/>
    <property name="localRepository" value="/Users/sanjaysbhandari/.m2/repository"/>
    <property name="java.vendor.url.bug" value="https://bugreport.java.com/bugreport/"/>
    <property name="java.io.tmpdir" value="/var/folders/8s/7tkp5ftd2nn6sv_vxzyrrn100000gn/T/"/>
    <property name="java.version" value="17.0.12"/>
    <property name="user.dir" value="/Users/sanjaysbhandari/PROJECTS/product-service"/>
    <property name="os.arch" value="x86_64"/>
    <property name="java.vm.specification.name" value="Java Virtual Machine Specification"/>
    <property name="native.encoding" value="UTF-8"/>
    <property name="java.library.path" value="/Users/sanjaysbhandari/Library/Java/Extensions:/Library/Java/Extensions:/Network/Library/Java/Extensions:/System/Library/Java/Extensions:/usr/lib/java:."/>
    <property name="java.vm.info" value="mixed mode, sharing"/>
    <property name="java.vendor" value="Oracle Corporation"/>
    <property name="java.vm.version" value="17.0.12+8-LTS-286"/>
    <property name="sun.io.unicode.encoding" value="UnicodeBig"/>
    <property name="socksNonProxyHosts" value="local|*.local|169.254/16|*.169.254/16"/>
    <property name="java.class.version" value="61.0"/>
  </properties>
  <testcase name="testCreateProduct" classname="com.example.productservice.controller.ProductControllerTest" time="0.329"/>
  <testcase name="testUpdateProduct" classname="com.example.productservice.controller.ProductControllerTest" time="0.011"/>
  <testcase name="testGetAllProducts" classname="com.example.productservice.controller.ProductControllerTest" time="0.011"/>
</testsuite>